Removed Pin From Net: NetName=3V3_BUS Pin=B1-1
Removed Pin From Net: NetName=5V_BUS Pin=B2-1
Removed Pin From Net: NetName=8V_BUS Pin=B3-1
Removed Pin From Net: NetName=3V3_BUS Pin=B5-1
Removed Pin From Net: NetName=5V_BUS Pin=B6-1
Removed Pin From Net: NetName=8V_BUS Pin=B7-1
Removed Pin From Net: NetName=3V3_BUS Pin=J1-1
Removed Pin From Net: NetName=3V3_BUS Pin=J1-2
Removed Pin From Net: NetName=5V_BUS Pin=J2-1
Removed Pin From Net: NetName=5V_BUS Pin=J2-2
Removed Pin From Net: NetName=8V_BUS Pin=J3-1
Removed Pin From Net: NetName=8V_BUS Pin=J3-2
Removed Pin From Net: NetName=3V3_BUS Pin=J5-1
Removed Pin From Net: NetName=3V3_BUS Pin=J5-2
Removed Pin From Net: NetName=5V_BUS Pin=J6-1
Removed Pin From Net: NetName=5V_BUS Pin=J6-2
Removed Pin From Net: NetName=8V_BUS Pin=J7-1
Removed Pin From Net: NetName=8V_BUS Pin=J7-2
Added Pin To Net: NetName=3V3_OUT Pin=B1-1
Added Pin To Net: NetName=5V_OUT Pin=B2-1
Added Pin To Net: NetName=8V_OUT Pin=B3-1
Added Pin To Net: NetName=3V3_OUT Pin=B5-1
Added Pin To Net: NetName=5V_OUT Pin=B6-1
Added Pin To Net: NetName=8V_OUT Pin=B7-1
Added Pin To Net: NetName=3V3_OUT Pin=J1-1
Added Pin To Net: NetName=3V3_OUT Pin=J1-2
Added Pin To Net: NetName=5V_OUT Pin=J2-1
Added Pin To Net: NetName=5V_OUT Pin=J2-2
Added Pin To Net: NetName=8V_OUT Pin=J3-1
Added Pin To Net: NetName=8V_OUT Pin=J3-2
Added Pin To Net: NetName=3V3_OUT Pin=J5-1
Added Pin To Net: NetName=3V3_OUT Pin=J5-2
Added Pin To Net: NetName=5V_OUT Pin=J6-1
Added Pin To Net: NetName=5V_OUT Pin=J6-2
Added Pin To Net: NetName=8V_OUT Pin=J7-1
Added Pin To Net: NetName=8V_OUT Pin=J7-2
Change Net Name : Old Net Name=12V_BUS New Net Name=12V_OUT
