Removed Pin From Net: NetName=GND Pin=C1-1
Removed Pin From Net: NetName=3V3_IN Pin=C1-2
Removed Pin From Net: NetName=GND Pin=C2-1
Removed Pin From Net: NetName=3V3_IN Pin=C2-2
Removed Pin From Net: NetName=3V3_OUT Pin=C5-2
Removed Pin From Net: NetName=3V3_OUT Pin=C6-1
Removed Pin From Net: NetName=GND Pin=C7-1
Removed Pin From Net: NetName=3V3_PG Pin=C7-2
Removed Pin From Net: NetName=GND Pin=C8-1
Removed Pin From Net: NetName=3V3_OUT Pin=L1-2
Removed Pin From Net: NetName=3V3_OUT Pin=R2-2
Removed Pin From Net: NetName=GND Pin=R6B-1
Removed Pin From Net: NetName=3V3_IN Pin=R19-2
Removed Pin From Net: NetName=3V3_EN Pin=R21-1
Removed Pin From Net: NetName=3V3_IN Pin=SW5-1
Removed Pin From Net: NetName=3V3_PG Pin=U1-1
Removed Pin From Net: NetName=3V3_IN Pin=U1-2
Removed Pin From Net: NetName=GND Pin=U1-4
Removed Pin From Net: NetName=3V3_EN Pin=U1-6
Removed Member From Class: ClassName=Overview Member=C1
Removed Member From Class: ClassName=Overview Member=C7
Removed Member From Class: ClassName=Overview Member=C8
Removed Member From Class: ClassName=Overview Member=R3
Removed Member From Class: ClassName=Overview Member=R4
Removed Member From Class: ClassName=Overview Member=R5
Removed Member From Class: ClassName=Overview Member=R6A
Removed Member From Class: ClassName=Overview Member=R6B
Removed Member From Class: ClassName=Overview Member=R19
Removed Member From Class: ClassName=Overview Member=R20
Removed Member From Class: ClassName=Overview Member=R21
Removed Member From Class: ClassName=Overview Member=R22
Change Component Footprint: Designator=L1 Old Footprint=IND_SPM6530T-1R5M100 New Footprint=IND_DFE3225_MUR
Change Component Footprint: Designator=U1 Old Footprint=SOT-583-2.1mmx1.6mmBody-0.6mm New Footprint=SOT23-6N-1.4mm
Change Component Comment : Designator=R42 Old Comment=* New Comment=68k
Change Component Comment : Designator=C3 Old Comment=1uF New Comment=22uF
Change Component Comment : Designator=C6 Old Comment=10pF New Comment=100uF
Change Component Comment : Designator=R1 Old Comment=20 New Comment=68k
Change Component Comment : Designator=C2 Old Comment=100uF New Comment=22uF
Change Component Comment : Designator=R2 Old Comment=220 New Comment=15k
Change Component Comment : Designator=U1 Old Comment=MP2393GTL-Z New Comment=AP3445LW6-7
Change Component Comment : Designator=L1 Old Comment=SPM6530T-3R3M100 New Comment=DFE322520FD-2R2M=P2
Change component parameters: Designator = "C2" ("C2"); Footprint = "CAPACITOR_0805_2012M-70N"; UniqueID = "\KGLZSGJY" ("\KGLZSGJY")
Change component parameters (AddParameter): Name = "Capacitance at Rated Voltage"; Value = ""; VariantName = "[No Variations]"
Change component parameters (AddParameter): Name = "MF Part No."; Value = ""; VariantName = "[No Variations]"
Change component parameters (AddParameter): Name = "Package"; Value = ""; VariantName = "[No Variations]"
Change component parameters (AddParameter): Name = "Rated Voltage"; Value = ""; VariantName = "[No Variations]"
Change component parameters (AddParameter): Name = "Supplier 1"; Value = ""; VariantName = "[No Variations]"
Change component parameters (AddParameter): Name = "Supplier 1 Part No."; Value = ""; VariantName = "[No Variations]"
Change component parameters (AddParameter): Name = "Supplier 2"; Value = ""; VariantName = "[No Variations]"
Change component parameters (AddParameter): Name = "Supplier 2 Part No."; Value = ""; VariantName = "[No Variations]"
Change component parameters (AddParameter): Name = "Temp Range"; Value = ""; VariantName = "[No Variations]"
Change component parameters (AddParameter): Name = "Temperature Coefficient"; Value = ""; VariantName = "[No Variations]"
Change component parameters (AddParameter): Name = "Tolerance"; Value = "?%"; VariantName = "[No Variations]"
Change component parameters (AddParameter): Name = "Value"; Value = "22uF"; VariantName = "[No Variations]"
Change component parameters: Designator = "C3" ("C3"); Footprint = "CAPACITOR_0805_2012M-70N"; UniqueID = "\XWYMDPKZ" ("\XWYMDPKZ")
Change component parameters (AddParameter): Name = "Capacitance at Rated Voltage"; Value = ""; VariantName = "[No Variations]"
Change component parameters (AddParameter): Name = "MF Part No."; Value = ""; VariantName = "[No Variations]"
Change component parameters (AddParameter): Name = "Package"; Value = ""; VariantName = "[No Variations]"
Change component parameters (AddParameter): Name = "Rated Voltage"; Value = ""; VariantName = "[No Variations]"
Change component parameters (AddParameter): Name = "Supplier 1"; Value = ""; VariantName = "[No Variations]"
Change component parameters (AddParameter): Name = "Supplier 1 Part No."; Value = ""; VariantName = "[No Variations]"
Change component parameters (AddParameter): Name = "Supplier 2"; Value = ""; VariantName = "[No Variations]"
Change component parameters (AddParameter): Name = "Supplier 2 Part No."; Value = ""; VariantName = "[No Variations]"
Change component parameters (AddParameter): Name = "Temp Range"; Value = ""; VariantName = "[No Variations]"
Change component parameters (AddParameter): Name = "Temperature Coefficient"; Value = ""; VariantName = "[No Variations]"
Change component parameters (AddParameter): Name = "Tolerance"; Value = "?%"; VariantName = "[No Variations]"
Change component parameters (AddParameter): Name = "Value"; Value = "22uF"; VariantName = "[No Variations]"
Change component parameters: Designator = "C6" ("C6"); Footprint = "CAPACITOR_0805_2012M-70N"; UniqueID = "\BESQDLJL" ("\BESQDLJL")
Change component parameters (AddParameter): Name = "Capacitance at Rated Voltage"; Value = ""; VariantName = "[No Variations]"
Change component parameters (AddParameter): Name = "MF Part No."; Value = ""; VariantName = "[No Variations]"
Change component parameters (AddParameter): Name = "Package"; Value = ""; VariantName = "[No Variations]"
Change component parameters (AddParameter): Name = "Rated Voltage"; Value = ""; VariantName = "[No Variations]"
Change component parameters (AddParameter): Name = "Supplier 1"; Value = ""; VariantName = "[No Variations]"
Change component parameters (AddParameter): Name = "Supplier 1 Part No."; Value = ""; VariantName = "[No Variations]"
Change component parameters (AddParameter): Name = "Supplier 2"; Value = ""; VariantName = "[No Variations]"
Change component parameters (AddParameter): Name = "Supplier 2 Part No."; Value = ""; VariantName = "[No Variations]"
Change component parameters (AddParameter): Name = "Temp Range"; Value = ""; VariantName = "[No Variations]"
Change component parameters (AddParameter): Name = "Temperature Coefficient"; Value = ""; VariantName = "[No Variations]"
Change component parameters (AddParameter): Name = "Tolerance"; Value = "?%"; VariantName = "[No Variations]"
Change component parameters (AddParameter): Name = "Value"; Value = "100uF"; VariantName = "[No Variations]"
Change component parameters: Designator = "R1" ("R1"); Footprint = "RESISTOR_0805_2012M-50N"; UniqueID = "\FYXNTTTC" ("\FYXNTTTC")
Change component parameters (AddParameter): Name = "MF Part No."; Value = ""; VariantName = "[No Variations]"
Change component parameters (AddParameter): Name = "Package"; Value = ""; VariantName = "[No Variations]"
Change component parameters (AddParameter): Name = "Power"; Value = ""; VariantName = "[No Variations]"
Change component parameters (AddParameter): Name = "Rated Voltage"; Value = ""; VariantName = "[No Variations]"
Change component parameters (AddParameter): Name = "Supplier 1"; Value = ""; VariantName = "[No Variations]"
Change component parameters (AddParameter): Name = "Supplier 1 Part No."; Value = ""; VariantName = "[No Variations]"
Change component parameters (AddParameter): Name = "Supplier 2"; Value = ""; VariantName = "[No Variations]"
Change component parameters (AddParameter): Name = "Supplier 2 Part No."; Value = ""; VariantName = "[No Variations]"
Change component parameters (AddParameter): Name = "Temp Range"; Value = ""; VariantName = "[No Variations]"
Change component parameters (AddParameter): Name = "Temperature Coefficient"; Value = ""; VariantName = "[No Variations]"
Change component parameters (AddParameter): Name = "Tolerance"; Value = "?%"; VariantName = "[No Variations]"
Change component parameters (AddParameter): Name = "Value"; Value = "68k"; VariantName = "[No Variations]"
Change component parameters: Designator = "R2" ("R2"); Footprint = "RESISTOR_0805_2012M-50N"; UniqueID = "\DASZIDWI" ("\DASZIDWI")
Change component parameters (AddParameter): Name = "MF Part No."; Value = ""; VariantName = "[No Variations]"
Change component parameters (AddParameter): Name = "Package"; Value = ""; VariantName = "[No Variations]"
Change component parameters (AddParameter): Name = "Power"; Value = ""; VariantName = "[No Variations]"
Change component parameters (AddParameter): Name = "Rated Voltage"; Value = ""; VariantName = "[No Variations]"
Change component parameters (AddParameter): Name = "Supplier 1"; Value = ""; VariantName = "[No Variations]"
Change component parameters (AddParameter): Name = "Supplier 1 Part No."; Value = ""; VariantName = "[No Variations]"
Change component parameters (AddParameter): Name = "Supplier 2"; Value = ""; VariantName = "[No Variations]"
Change component parameters (AddParameter): Name = "Supplier 2 Part No."; Value = ""; VariantName = "[No Variations]"
Change component parameters (AddParameter): Name = "Temp Range"; Value = ""; VariantName = "[No Variations]"
Change component parameters (AddParameter): Name = "Temperature Coefficient"; Value = ""; VariantName = "[No Variations]"
Change component parameters (AddParameter): Name = "Tolerance"; Value = "?%"; VariantName = "[No Variations]"
Change component parameters (AddParameter): Name = "Value"; Value = "15k"; VariantName = "[No Variations]"
Change component parameters: Designator = "R42" ("R42"); Footprint = "RESISTOR_0805_2012M-50N"; UniqueID = "\PDIFTWSM" ("\PDIFTWSM")
Change component parameters (AddParameter): Name = "MF Part No."; Value = ""; VariantName = "[No Variations]"
Change component parameters (AddParameter): Name = "Package"; Value = ""; VariantName = "[No Variations]"
Change component parameters (AddParameter): Name = "Power"; Value = ""; VariantName = "[No Variations]"
Change component parameters (AddParameter): Name = "Rated Voltage"; Value = ""; VariantName = "[No Variations]"
Change component parameters (AddParameter): Name = "Supplier 1"; Value = ""; VariantName = "[No Variations]"
Change component parameters (AddParameter): Name = "Supplier 1 Part No."; Value = ""; VariantName = "[No Variations]"
Change component parameters (AddParameter): Name = "Supplier 2"; Value = ""; VariantName = "[No Variations]"
Change component parameters (AddParameter): Name = "Supplier 2 Part No."; Value = ""; VariantName = "[No Variations]"
Change component parameters (AddParameter): Name = "Temp Range"; Value = ""; VariantName = "[No Variations]"
Change component parameters (AddParameter): Name = "Temperature Coefficient"; Value = ""; VariantName = "[No Variations]"
Change component parameters (AddParameter): Name = "Tolerance"; Value = "?%"; VariantName = "[No Variations]"
Change component parameters (AddParameter): Name = "Value"; Value = "68k"; VariantName = "[No Variations]"
Change component parameters: Designator = "U1" ("U1"); Footprint = "SOT-583-2.1mmx1.6mmBody-0.6mm"; UniqueID = "\DCFVRHVU" ("\DCFVRHVU")
Change component parameters (AddParameter): Name = "APSS Standard Part"; Value = "APSS Standard"; VariantName = "[No Variations]"
Change component parameters (AddParameter): Name = "MF Part No."; Value = "AP3445LW6-7"; VariantName = "[No Variations]"
Change component parameters (AddParameter): Name = "Package"; Value = "SOT-23-5"; VariantName = "[No Variations]"
Change component parameters (AddParameter): Name = "Rated Voltage"; Value = "5.5V"; VariantName = "[No Variations]"
Change component parameters (AddParameter): Name = "Supplier 1"; Value = "Digikey"; VariantName = "[No Variations]"
Change component parameters (AddParameter): Name = "Supplier 1 Part No."; Value = "AP3445LW6-7DICT-ND"; VariantName = "[No Variations]"
Change component parameters (AddParameter): Name = "Supplier 2"; Value = ""; VariantName = "[No Variations]"
Change component parameters (AddParameter): Name = "Supplier 2 Part No."; Value = ""; VariantName = "[No Variations]"
Change component parameters (AddParameter): Name = "Temp Range"; Value = "-40°C ~ 85°C (TA)"; VariantName = "[No Variations]"
Change component parameters: Designator = "L1" ("L1"); Footprint = "IND_SPM6530T-1R5M100"; UniqueID = "\RYOBURLB" ("\RYOBURLB")
Change component parameters (AddParameter): Name = "Copyright"; Value = "Copyright (C) 2025 Ultra Librarian. All rights reserved."; VariantName = "[No Variations]"
Change component parameters (AddParameter): Name = "Manufacturer_Name"; Value = "Murata"; VariantName = "[No Variations]"
Change component parameters (AddParameter): Name = "Manufacturer_Part_Number"; Value = "DFE322520FD-2R2M=P2"; VariantName = "[No Variations]"
Change component parameters (AddParameter): Name = "RefDes"; Value = ""; VariantName = "[No Variations]"
Change component parameters (AddParameter): Name = "Type"; Value = "Fixed Inductors"; VariantName = "[No Variations]"
Added Pin To Net: NetName=3V3_OUT Pin=C2-2
Added Pin To Net: NetName=GND Pin=C3-1
Added Pin To Net: NetName=3V3_OUT Pin=C3-2
Added Pin To Net: NetName=3V3_IN Pin=C5-2
Added Pin To Net: NetName=GND Pin=C6-1
Added Pin To Net: NetName=3V3_IN Pin=C6-2
Added Pin To Net: NetName=3V3_OUT Pin=L1-1
Added Pin To Net: NetName=3V3_OUT Pin=R1-2
Added Pin To Net: NetName=GND Pin=R2-1
Added Pin To Net: NetName=3V3_EN Pin=U1-1
Added Pin To Net: NetName=GND Pin=U1-2
Added Pin To Net: NetName=3V3_IN Pin=U1-4
Added Pin To Net: NetName=3V3_PG Pin=U1-5
Added Pin To Net: NetName=NetC2_1 Pin=C2-1
Added Pin To Net: NetName=NetC2_1 Pin=R1-1
Added Pin To Net: NetName=NetC2_1 Pin=R2-2
Added Pin To Net: NetName=NetC2_1 Pin=U1-6
Added Net: Name=NetC2_1
Added Pin To Net: NetName=NetL1_2 Pin=L1-2
Added Pin To Net: NetName=NetL1_2 Pin=U1-3
Added Net: Name=NetL1_2
