Change Physical Footprint: Designator=B1 Old Footprint=5754 New Footprint=5754
Change Physical Footprint: Designator=B2 Old Footprint=5754 New Footprint=5754
Change Physical Footprint: Designator=B3 Old Footprint=5754 New Footprint=5754
Change Physical Footprint: Designator=B4 Old Footprint=5754 New Footprint=5754
Change Physical Footprint: Designator=B5 Old Footprint=5754 New Footprint=5754
Change Physical Footprint: Designator=B6 Old Footprint=5754 New Footprint=5754
Change Physical Footprint: Designator=B7 Old Footprint=5754 New Footprint=5754
Change Physical Footprint: Designator=B8 Old Footprint=5754 New Footprint=5754
Change Physical Footprint: Designator=B9 Old Footprint=5754 New Footprint=5754
Change Physical Footprint: Designator=B10 Old Footprint=5754 New Footprint=5754
Change Physical Footprint: Designator=B11 Old Footprint=5754 New Footprint=5754
Change Physical Footprint: Designator=B12 Old Footprint=5754 New Footprint=5754
Change Physical Footprint: Designator=B13 Old Footprint=5754 New Footprint=5754
Change Physical Footprint: Designator=B14 Old Footprint=5754 New Footprint=5754
Change Physical Footprint: Designator=C1 Old Footprint=CAPACITOR_0805_2012M-70N New Footprint=CAPACITOR_0805_2012M-70N
Change Physical Footprint: Designator=C2 Old Footprint=CAPACITOR_0805_2012M-70N New Footprint=CAPACITOR_0805_2012M-70N
Change Physical Footprint: Designator=C3 Old Footprint=CAPACITOR_0805_2012M-70N New Footprint=CAPACITOR_0805_2012M-70N
Change Physical Footprint: Designator=C4 Old Footprint=CAPACITOR_0805_2012M-70N New Footprint=CAPACITOR_0805_2012M-70N
Change Physical Footprint: Designator=C5 Old Footprint=CAPACITOR_0805_2012M-70N New Footprint=CAPACITOR_0805_2012M-70N
Change Physical Footprint: Designator=C6 Old Footprint=CAPACITOR_0805_2012M-70N New Footprint=CAPACITOR_0805_2012M-70N
Change Physical Footprint: Designator=C7 Old Footprint=CAPACITOR_0805_2012M-70N New Footprint=CAPACITOR_0805_2012M-70N
Change Physical Footprint: Designator=C8 Old Footprint=CAPACITOR_0805_2012M-70N New Footprint=CAPACITOR_0805_2012M-70N
Change Physical Footprint: Designator=C9 Old Footprint=CAPACITOR_0805_2012M-70N New Footprint=CAPACITOR_0805_2012M-70N
Change Physical Footprint: Designator=C10 Old Footprint=CAPACITOR_0805_2012M-70N New Footprint=CAPACITOR_0805_2012M-70N
Change Physical Footprint: Designator=D1 Old Footprint=LED_0603_1608M_0.80mm New Footprint=LED_0603_1608M_0.80mm
Change Physical Footprint: Designator=D2 Old Footprint=LED_0603_1608M_0.80mm New Footprint=LED_0603_1608M_0.80mm
Change Physical Footprint: Designator=D4 Old Footprint=LED_0603_1608M_0.80mm New Footprint=LED_0603_1608M_0.80mm
Change Physical Footprint: Designator=D5 Old Footprint=LED_0603_1608M_0.80mm New Footprint=LED_0603_1608M_0.80mm
Change Physical Footprint: Designator=D6 Old Footprint=LED_0603_1608M_0.80mm New Footprint=LED_0603_1608M_0.80mm
Change Physical Footprint: Designator=D7 Old Footprint=LED_0603_1608M_0.80mm New Footprint=LED_0603_1608M_0.80mm
Change Physical Footprint: Designator=H1 Old Footprint=*SAMTEC_ESQ-126-14-G-D New Footprint=*SAMTEC_ESQ-126-14-G-D
Change Physical Footprint: Designator=H2 Old Footprint=*SAMTEC_ESQ-126-14-G-D New Footprint=*SAMTEC_ESQ-126-14-G-D
Change Physical Footprint: Designator=J1 Old Footprint=CONN_1217861-1_TEC New Footprint=CONN_1217861-1_TEC
Change Physical Footprint: Designator=J2 Old Footprint=CONN_1217861-1_TEC New Footprint=CONN_1217861-1_TEC
Change Physical Footprint: Designator=J3 Old Footprint=CONN_1217861-1_TEC New Footprint=CONN_1217861-1_TEC
Change Physical Footprint: Designator=J4 Old Footprint=CONN_1217861-1_TEC New Footprint=CONN_1217861-1_TEC
Change Physical Footprint: Designator=J5 Old Footprint=CONN_1217861-1_TEC New Footprint=CONN_1217861-1_TEC
Change Physical Footprint: Designator=J6 Old Footprint=CONN_1217861-1_TEC New Footprint=CONN_1217861-1_TEC
Change Physical Footprint: Designator=J7 Old Footprint=CONN_1217861-1_TEC New Footprint=CONN_1217861-1_TEC
Change Physical Footprint: Designator=J8 Old Footprint=CONN_1217861-1_TEC New Footprint=CONN_1217861-1_TEC
Change Physical Footprint: Designator=J9 Old Footprint=CONN_1217861-1_TEC New Footprint=CONN_1217861-1_TEC
Change Physical Footprint: Designator=J10 Old Footprint=CONN_1217861-1_TEC New Footprint=CONN_1217861-1_TEC
Change Physical Footprint: Designator=J11 Old Footprint=CONN_1217861-1_TEC New Footprint=CONN_1217861-1_TEC
Change Physical Footprint: Designator=J12 Old Footprint=CONN_1217861-1_TEC New Footprint=CONN_1217861-1_TEC
Change Physical Footprint: Designator=L1 Old Footprint=IND_SPM6530T-1R5M100 New Footprint=IND_SPM6530T-1R5M100
Change Physical Footprint: Designator=Q1 Old Footprint=SOT23-3N-1.15mm New Footprint=SOT23-3N-1.15mm
Change Physical Footprint: Designator=Q3 Old Footprint=SOT23F-3-0.8mm New Footprint=SOT23F-3-0.8mm
Change Physical Footprint: Designator=R1 Old Footprint=RESISTOR_0805_2012M-50N New Footprint=RESISTOR_0805_2012M-50N
Change Physical Footprint: Designator=R2 Old Footprint=RESISTOR_0805_2012M-50N New Footprint=RESISTOR_0805_2012M-50N
Change Physical Footprint: Designator=R3 Old Footprint=RESISTOR_0805_2012M-50N New Footprint=RESISTOR_0805_2012M-50N
Change Physical Footprint: Designator=R4 Old Footprint=RESISTOR_0805_2012M-50N New Footprint=RESISTOR_0805_2012M-50N
Change Physical Footprint: Designator=R5 Old Footprint=RESISTOR_0805_2012M-50N New Footprint=RESISTOR_0805_2012M-50N
Change Physical Footprint: Designator=R6A Old Footprint=RESISTOR_0805_2012M-50N New Footprint=RESISTOR_0805_2012M-50N
Change Physical Footprint: Designator=R6B Old Footprint=RESISTOR_0805_2012M-50N New Footprint=RESISTOR_0805_2012M-50N
Change Physical Footprint: Designator=R7 Old Footprint=RESISTOR_0805_2012M-50N New Footprint=RESISTOR_0805_2012M-50N
Change Physical Footprint: Designator=R19 Old Footprint=RESISTOR_0805_2012M-50N New Footprint=RESISTOR_0805_2012M-50N
Change Physical Footprint: Designator=R20 Old Footprint=RESISTOR_0805_2012M-50N New Footprint=RESISTOR_0805_2012M-50N
Change Physical Footprint: Designator=R21 Old Footprint=RESISTOR_0805_2012M-50N New Footprint=RESISTOR_0805_2012M-50N
Change Physical Footprint: Designator=R22 Old Footprint=RESISTOR_0805_2012M-50N New Footprint=RESISTOR_0805_2012M-50N
Change Physical Footprint: Designator=R31 Old Footprint=RESISTOR_0805_2012M-50N New Footprint=RESISTOR_0805_2012M-50N
Change Physical Footprint: Designator=R32 Old Footprint=RESISTOR_0805_2012M-50N New Footprint=RESISTOR_0805_2012M-50N
Change Physical Footprint: Designator=R34 Old Footprint=RESISTOR_0805_2012M-50N New Footprint=RESISTOR_0805_2012M-50N
Change Physical Footprint: Designator=R37 Old Footprint=RESISTOR_0805_2012M-50N New Footprint=RESISTOR_0805_2012M-50N
Change Physical Footprint: Designator=R38 Old Footprint=RESISTOR_0805_2012M-50N New Footprint=RESISTOR_0805_2012M-50N
Change Physical Footprint: Designator=R39 Old Footprint=RESISTOR_0805_2012M-50N New Footprint=RESISTOR_0805_2012M-50N
Change Physical Footprint: Designator=R40 Old Footprint=RESISTOR_0805_2012M-50N New Footprint=RESISTOR_0805_2012M-50N
Change Physical Footprint: Designator=R42 Old Footprint=RESISTOR_0805_2012M-50N New Footprint=RESISTOR_0805_2012M-50N
Change Physical Footprint: Designator=SW1 Old Footprint=ANT11SF1CQE New Footprint=ANT11SF1CQE
Change Physical Footprint: Designator=SW2 Old Footprint=ANT11SF1CQE New Footprint=ANT11SF1CQE
Change Physical Footprint: Designator=SW3 Old Footprint=ANT11SF1CQE New Footprint=ANT11SF1CQE
Change Physical Footprint: Designator=SW4 Old Footprint=ANT11SF1CQE New Footprint=ANT11SF1CQE
Change Physical Footprint: Designator=SW5 Old Footprint=ANT11SF1CQE New Footprint=ANT11SF1CQE
Change Physical Footprint: Designator=SW6 Old Footprint=ANT11SF1CQE New Footprint=ANT11SF1CQE
Change Physical Footprint: Designator=T1 Old Footprint=Test Pad New Footprint=Test Pad
Change Physical Footprint: Designator=U1 Old Footprint=SOT-583-2.1mmx1.6mmBody-0.6mm New Footprint=SOT-583-2.1mmx1.6mmBody-0.6mm
