Added Component: Designator=SW9(ANT11SF1CQE)
Add component (AddParameter): Name = "Circuit"; Value = "SPDT"; VariantName = "[No Variations]"
Add component (AddParameter): Name = "MF Part No."; Value = "ANT11SF1CQE"; VariantName = "[No Variations]"
Add component (AddParameter): Name = "Package"; Value = "-"; VariantName = "[No Variations]"
Add component (AddParameter): Name = "Rated Current"; Value = "5A"; VariantName = "[No Variations]"
Add component (AddParameter): Name = "Rated Voltage"; Value = "28 VDC"; VariantName = "[No Variations]"
Add component (AddParameter): Name = "Supplier 1"; Value = "Digikey"; VariantName = "[No Variations]"
Add component (AddParameter): Name = "Supplier 1 Part No."; Value = "2449-ANT11SF1CQE-ND"; VariantName = "[No Variations]"
Add component (AddParameter): Name = "Supplier 2"; Value = ""; VariantName = "[No Variations]"
Add component (AddParameter): Name = "Supplier 2 Part No."; Value = ""; VariantName = "[No Variations]"
Add component (AddParameter): Name = "Temp Range"; Value = "-40ḞC ~ 85ḞC (TA)"; VariantName = "[No Variations]"
Added Pin To Net: NetName=3V3_IN Pin=C9-2
Added Pin To Net: NetName=3V3_IN Pin=C10-2
Added Pin To Net: NetName=3V3_IN Pin=C17-2
Added Pin To Net: NetName=3V3_IN Pin=C18-2
Added Pin To Net: NetName=3V3_IN Pin=R23-2
Added Pin To Net: NetName=3V3_IN Pin=R28-1
Added Pin To Net: NetName=3V3_IN Pin=SW7-1
Added Pin To Net: NetName=3V3_IN Pin=SW8-1
Added Pin To Net: NetName=3V3_IN Pin=SW9-1
Added Pin To Net: NetName=12V_OUT Pin=SW9-2
Added Pin To Net: NetName=3V3_IN Pin=U2-2
Added Pin To Net: NetName=3V3_IN Pin=U3-2
Added Member To Class: ClassName=Overview Member=Component SW9 ANT11SF1CQE
